Browserslist: browsers data (caniuse-lite) is 9 months old. Please run:
  npx update-browserslist-db@latest
  Why you should do it regularly: https://github.com/browserslist/update-db#readme
[31mx[39m Build failed in 3.15s
[31merror during build:
[31msrc/components/admin/TicketTemplate.tsx (2:7): "default" is not exported by "node_modules/qrcode.react/lib/esm/index.js", imported by "src/components/admin/TicketTemplate.tsx".[31m
file: [36mC:/Users/HP VICTUS AMD RYZEN5/Desktop/SOKENS DIGITAL/CLIENTS/NFL/nfl-tickets/src/components/admin/TicketTemplate.tsx:2:7[31m
[33m
1: import React, { forwardRef } from "react";
2: import QRCode from "qrcode.react";
          ^
3: import nflLogo from "@/assets/LOGO_NFL-removebg-preview.png";
[31m
    at getRollupError (file:///C:/Users/HP%20VICTUS%20AMD%20RYZEN5/Desktop/SOKENS%20DIGITAL/CLIENTS/NFL/nfl-tickets/node_modules/rollup/dist/es/shared/parseAst.js:395:41)
    at error (file:///C:/Users/HP%20VICTUS%20AMD%20RYZEN5/Desktop/SOKENS%20DIGITAL/CLIENTS/NFL/nfl-tickets/node_modules/rollup/dist/es/shared/parseAst.js:391:42)
    at Module.error (file:///C:/Users/HP%20VICTUS%20AMD%20RYZEN5/Desktop/SOKENS%20DIGITAL/CLIENTS/NFL/nfl-tickets/node_modules/rollup/dist/es/shared/node-entry.js:15535:16)
    at Module.traceVariable (file:///C:/Users/HP%20VICTUS%20AMD%20RYZEN5/Desktop/SOKENS%20DIGITAL/CLIENTS/NFL/nfl-tickets/node_modules/rollup/dist/es/shared/node-entry.js:15984:29)
    at ModuleScope.findVariable (file:///C:/Users/HP%20VICTUS%20AMD%20RYZEN5/Desktop/SOKENS%20DIGITAL/CLIENTS/NFL/nfl-tickets/node_modules/rollup/dist/es/shared/node-entry.js:13770:39)
    at ReturnValueScope.findVariable (file:///C:/Users/HP%20VICTUS%20AMD%20RYZEN5/Desktop/SOKENS%20DIGITAL/CLIENTS/NFL/nfl-tickets/node_modules/rollup/dist/es/shared/node-entry.js:5252:38)
    at FunctionBodyScope.findVariable (file:///C:/Users/HP%20VICTUS%20AMD%20RYZEN5/Desktop/SOKENS%20DIGITAL/CLIENTS/NFL/nfl-tickets/node_modules/rollup/dist/es/shared/node-entry.js:5252:38)
    at Identifier.bind (file:///C:/Users/HP%20VICTUS%20AMD%20RYZEN5/Desktop/SOKENS%20DIGITAL/CLIENTS/NFL/nfl-tickets/node_modules/rollup/dist/es/shared/node-entry.js:5035:40)
    at CallExpression.bind (file:///C:/Users/HP%20VICTUS%20AMD%20RYZEN5/Desktop/SOKENS%20DIGITAL/CLIENTS/NFL/nfl-tickets/node_modules/rollup/dist/es/shared/node-entry.js:2851:28)
    at CallExpression.bind (file:///C:/Users/HP%20VICTUS%20AMD%20RYZEN5/Desktop/SOKENS%20DIGITAL/CLIENTS/NFL/nfl-tickets/node_modules/rollup/dist/es/shared/node-entry.js:11235:15)[39m
